

Started GET "/" for 127.0.0.1 at 2013-10-07 18:11:23 -0400
  [1m[36mActiveRecord::SchemaMigration Load (288.5ms)[0m  [1mSELECT `schema_migrations`.* FROM `schema_migrations`[0m
Processing by Rails::WelcomeController#index as HTML
  Rendered /var/lib/gems/1.9.1/gems/railties-4.0.0/lib/rails/templates/rails/welcome/index.html.erb (6.9ms)
Completed 200 OK in 121ms (Views: 80.9ms | ActiveRecord: 0.0ms)


Started GET "/products" for 127.0.0.1 at 2013-10-07 18:11:30 -0400
Processing by ProductsController#index as HTML
  [1m[35mProduct Load (19.0ms)[0m  SELECT `products`.* FROM `products`
  Rendered products/index.html.erb within layouts/application (31.5ms)
Completed 200 OK in 1398ms (Views: 1371.1ms | ActiveRecord: 24.5ms)


Started GET "/assets/application.css?body=1" for 127.0.0.1 at 2013-10-07 18:11:32 -0400


Started GET "/assets/jquery.js?body=1" for 127.0.0.1 at 2013-10-07 18:11:32 -0400


Started GET "/assets/scaffolds.css?body=1" for 127.0.0.1 at 2013-10-07 18:11:32 -0400


Started GET "/assets/jquery_ujs.js?body=1" for 127.0.0.1 at 2013-10-07 18:11:32 -0400


Started GET "/assets/products.css?body=1" for 127.0.0.1 at 2013-10-07 18:11:32 -0400


Started GET "/assets/products.js?body=1" for 127.0.0.1 at 2013-10-07 18:11:32 -0400


Started GET "/assets/turbolinks.js?body=1" for 127.0.0.1 at 2013-10-07 18:11:32 -0400


Started GET "/assets/application.js?body=1" for 127.0.0.1 at 2013-10-07 18:11:32 -0400


Started GET "/products" for 127.0.0.1 at 2013-10-07 21:27:32 -0400
  [1m[36mActiveRecord::SchemaMigration Load (0.4ms)[0m  [1mSELECT `schema_migrations`.* FROM `schema_migrations`[0m
Processing by ProductsController#index as HTML
  [1m[35mProduct Load (0.2ms)[0m  SELECT `products`.* FROM `products`
  Rendered products/index.html.erb within layouts/application (7.2ms)
Completed 200 OK in 98ms (Views: 63.3ms | ActiveRecord: 1.7ms)


Started GET "/assets/application.css?body=1" for 127.0.0.1 at 2013-10-07 21:27:33 -0400


Started GET "/assets/products.css?body=1" for 127.0.0.1 at 2013-10-07 21:27:33 -0400


Started GET "/assets/products.js?body=1" for 127.0.0.1 at 2013-10-07 21:27:33 -0400


Started GET "/assets/turbolinks.js?body=1" for 127.0.0.1 at 2013-10-07 21:27:33 -0400


Started GET "/assets/application.js?body=1" for 127.0.0.1 at 2013-10-07 21:27:33 -0400


Started GET "/assets/jquery.js?body=1" for 127.0.0.1 at 2013-10-07 21:27:33 -0400


Started GET "/assets/scaffolds.css?body=1" for 127.0.0.1 at 2013-10-07 21:27:33 -0400


Started GET "/assets/jquery_ujs.js?body=1" for 127.0.0.1 at 2013-10-07 21:27:33 -0400
  [1m[36m (88.7ms)[0m  [1mCREATE TABLE `schema_migrations` (`version` varchar(255) NOT NULL) ENGINE=InnoDB[0m
  [1m[35m (100.7ms)[0m  CREATE UNIQUE INDEX `unique_schema_migrations` ON `schema_migrations` (`version`) 
  [1m[36mActiveRecord::SchemaMigration Load (0.5ms)[0m  [1mSELECT `schema_migrations`.* FROM `schema_migrations`[0m
Migrating to CreateProducts (20130929141620)
  [1m[35m (44.8ms)[0m  CREATE TABLE `products` (`id` int(11) DEFAULT NULL auto_increment PRIMARY KEY, `title` varchar(255), `description` text, `image_url` varchar(255), `price` decimal(8,2), `created_at` datetime, `updated_at` datetime) ENGINE=InnoDB
  [1m[36m (0.2ms)[0m  [1mBEGIN[0m
  [1m[35mSQL (1.9ms)[0m  INSERT INTO `schema_migrations` (`version`) VALUES ('20130929141620')
  [1m[36m (1.7ms)[0m  [1mCOMMIT[0m
  [1m[35mActiveRecord::SchemaMigration Load (0.3ms)[0m  SELECT `schema_migrations`.* FROM `schema_migrations`


Started GET "/products/new" for 127.0.0.1 at 2013-10-07 21:36:11 -0400
  [1m[36mActiveRecord::SchemaMigration Load (0.1ms)[0m  [1mSELECT `schema_migrations`.* FROM `schema_migrations`[0m
Processing by ProductsController#new as HTML
  Rendered products/_form.html.erb (138.6ms)
  Rendered products/new.html.erb within layouts/application (163.1ms)
Completed 200 OK in 288ms (Views: 239.6ms | ActiveRecord: 1.0ms)


Started POST "/products" for 127.0.0.1 at 2013-10-07 21:36:28 -0400
Processing by ProductsController#create as HTML
  Parameters: {"utf8"=>"✓", "authenticity_token"=>"mWWCFrLd/xG4rCrfs9Lyywt1nQ2T4n+w0LMCJhaJldY=", "product"=>{"title"=>"title", "description"=>"description", "image_url"=>"url", "price"=>"1"}, "commit"=>"Create Product"}
  [1m[35m (0.2ms)[0m  BEGIN
  [1m[36mSQL (1.5ms)[0m  [1mINSERT INTO `products` (`created_at`, `description`, `image_url`, `price`, `title`, `updated_at`) VALUES ('2013-10-08 01:36:28', 'description', 'url', 1.0, 'title', '2013-10-08 01:36:28')[0m
  [1m[35m (2.9ms)[0m  COMMIT
Redirected to http://localhost:3000/products/1
Completed 302 Found in 105ms (ActiveRecord: 4.7ms)


Started GET "/products/1" for 127.0.0.1 at 2013-10-07 21:36:28 -0400
Processing by ProductsController#show as HTML
  Parameters: {"id"=>"1"}
  [1m[36mProduct Load (0.3ms)[0m  [1mSELECT `products`.* FROM `products` WHERE `products`.`id` = 1 LIMIT 1[0m
  Rendered products/show.html.erb within layouts/application (3.0ms)
Completed 200 OK in 21ms (Views: 17.3ms | ActiveRecord: 0.3ms)


Started GET "/assets/application.css?body=1" for 127.0.0.1 at 2013-10-07 21:36:28 -0400


Started GET "/assets/scaffolds.css?body=1" for 127.0.0.1 at 2013-10-07 21:36:28 -0400


Started GET "/assets/products.css?body=1" for 127.0.0.1 at 2013-10-07 21:36:28 -0400


Started GET "/assets/products.js?body=1" for 127.0.0.1 at 2013-10-07 21:36:28 -0400


Started GET "/assets/turbolinks.js?body=1" for 127.0.0.1 at 2013-10-07 21:36:28 -0400


Started GET "/assets/jquery_ujs.js?body=1" for 127.0.0.1 at 2013-10-07 21:36:28 -0400


Started GET "/assets/jquery.js?body=1" for 127.0.0.1 at 2013-10-07 21:36:28 -0400


Started GET "/assets/application.js?body=1" for 127.0.0.1 at 2013-10-07 21:36:28 -0400


Started GET "/products" for 127.0.0.1 at 2013-10-09 18:06:49 -0400
  [1m[36mActiveRecord::SchemaMigration Load (0.3ms)[0m  [1mSELECT `schema_migrations`.* FROM `schema_migrations`[0m
Processing by ProductsController#index as HTML
  [1m[35mProduct Load (0.2ms)[0m  SELECT `products`.* FROM `products`
  Rendered products/index.html.erb within layouts/application (17.6ms)
Completed 200 OK in 340ms (Views: 291.3ms | ActiveRecord: 1.1ms)


Started GET "/assets/application.css?body=1" for 127.0.0.1 at 2013-10-09 18:06:50 -0400


Started GET "/assets/products.css?body=1" for 127.0.0.1 at 2013-10-09 18:06:50 -0400


Started GET "/assets/products.js?body=1" for 127.0.0.1 at 2013-10-09 18:06:50 -0400


Started GET "/assets/turbolinks.js?body=1" for 127.0.0.1 at 2013-10-09 18:06:50 -0400


Started GET "/assets/application.js?body=1" for 127.0.0.1 at 2013-10-09 18:06:50 -0400


Started GET "/assets/jquery_ujs.js?body=1" for 127.0.0.1 at 2013-10-09 18:06:50 -0400


Started GET "/assets/scaffolds.css?body=1" for 127.0.0.1 at 2013-10-09 18:06:50 -0400


Started GET "/assets/jquery.js?body=1" for 127.0.0.1 at 2013-10-09 18:06:50 -0400


Started GET "/products/new" for 127.0.0.1 at 2013-10-09 18:09:56 -0400
Processing by ProductsController#new as HTML
  Rendered products/_form.html.erb (89.7ms)
  Rendered products/new.html.erb within layouts/application (112.4ms)
Completed 200 OK in 155ms (Views: 152.0ms | ActiveRecord: 0.0ms)


Started GET "/assets/application.css?body=1" for 127.0.0.1 at 2013-10-09 18:09:56 -0400


Started GET "/assets/jquery_ujs.js?body=1" for 127.0.0.1 at 2013-10-09 18:09:56 -0400


Started GET "/assets/jquery.js?body=1" for 127.0.0.1 at 2013-10-09 18:09:56 -0400


Started GET "/assets/scaffolds.css?body=1" for 127.0.0.1 at 2013-10-09 18:09:56 -0400


Started GET "/assets/turbolinks.js?body=1" for 127.0.0.1 at 2013-10-09 18:09:56 -0400


Started GET "/assets/products.js?body=1" for 127.0.0.1 at 2013-10-09 18:09:56 -0400


Started GET "/assets/products.css?body=1" for 127.0.0.1 at 2013-10-09 18:09:56 -0400


Started GET "/assets/application.js?body=1" for 127.0.0.1 at 2013-10-09 18:09:56 -0400
  [1m[36mActiveRecord::SchemaMigration Load (0.1ms)[0m  [1mSELECT `schema_migrations`.* FROM `schema_migrations`[0m
  [1m[35mSQL (2.7ms)[0m  DELETE FROM `products`
  [1m[36m (0.1ms)[0m  [1mBEGIN[0m
  [1m[35mSQL (0.3ms)[0m  INSERT INTO `products` (`created_at`, `description`, `image_url`, `price`, `title`, `updated_at`) VALUES ('2013-10-09 22:16:56', '<p>\n CoffeeScript is JavaScript done right. It provides all of JavaScript\'s\n functionality wrapped in a cleaner, more succinct syntax. In the first\n book on this exciting new language, CoffeeScript guru Trevor Burnham\n shows you how to hold onto all the power and flexibility of JavaScript\n while writing clearer, cleaner, and safer code.\n </p>', 'cs.jpg', 36.0, 'CoffeeScript', '2013-10-09 22:16:56')
  [1m[36m (1.5ms)[0m  [1mCOMMIT[0m
  [1m[35m (0.1ms)[0m  BEGIN
  [1m[36mSQL (0.2ms)[0m  [1mINSERT INTO `products` (`created_at`, `description`, `image_url`, `price`, `title`, `updated_at`) VALUES ('2013-10-09 22:16:56', '<p>\n Ruby is the fastest growing and most exciting dynamic language\n out there. If you need to get working programs delivered fast,\n you should add Ruby to your toolbox.\n </p>', 'ruby.jpg', 49.95, 'Programming Ruby 1.9 & 2.0', '2013-10-09 22:16:56')[0m
  [1m[35m (1.4ms)[0m  COMMIT
  [1m[36m (0.1ms)[0m  [1mBEGIN[0m
  [1m[35mSQL (0.2ms)[0m  INSERT INTO `products` (`created_at`, `description`, `image_url`, `price`, `title`, `updated_at`) VALUES ('2013-10-09 22:16:56', '<p>\n <em>Rails Test Prescriptions</em> is a comprehensive guide to testing\n Rails applications, covering Test-Driven Development from both a\n theoretical perspective (why to test) and from a practical perspective\n (how to test effectively). It covers the core Rails testing tools and\n procedures for Rails 2 and Rails 3, and introduces popular add-ons,\n including Cucumber, Shoulda, Machinist, Mocha, and Rcov.\n </p>', 'rtp.jpg', 34.95, 'Rails Test Prescriptions', '2013-10-09 22:16:56')
  [1m[36m (1.6ms)[0m  [1mCOMMIT[0m


Started GET "/products/" for 127.0.0.1 at 2013-10-09 18:17:09 -0400
Processing by ProductsController#index as HTML
  [1m[36mProduct Load (2.2ms)[0m  [1mSELECT `products`.* FROM `products`[0m
  Rendered products/index.html.erb within layouts/application (11.1ms)
Completed 200 OK in 18ms (Views: 14.7ms | ActiveRecord: 2.2ms)


Started GET "/assets/application.css?body=1" for 127.0.0.1 at 2013-10-09 18:17:09 -0400


Started GET "/assets/scaffolds.css?body=1" for 127.0.0.1 at 2013-10-09 18:17:09 -0400


Started GET "/assets/products.css?body=1" for 127.0.0.1 at 2013-10-09 18:17:09 -0400


Started GET "/assets/products.js?body=1" for 127.0.0.1 at 2013-10-09 18:17:09 -0400


Started GET "/assets/turbolinks.js?body=1" for 127.0.0.1 at 2013-10-09 18:17:09 -0400


Started GET "/assets/jquery_ujs.js?body=1" for 127.0.0.1 at 2013-10-09 18:17:09 -0400


Started GET "/assets/jquery.js?body=1" for 127.0.0.1 at 2013-10-09 18:17:09 -0400


Started GET "/assets/application.js?body=1" for 127.0.0.1 at 2013-10-09 18:17:09 -0400


Started GET "/products/" for 127.0.0.1 at 2013-10-09 22:06:12 -0400
Processing by ProductsController#index as HTML
  [1m[35mProduct Load (0.7ms)[0m  SELECT `products`.* FROM `products`
  Rendered products/index.html.erb within layouts/application (4.5ms)
Completed 200 OK in 123ms (Views: 114.5ms | ActiveRecord: 0.7ms)


Started GET "/assets/application.css?body=1" for 127.0.0.1 at 2013-10-09 22:06:12 -0400


Started GET "/assets/products.css?body=1" for 127.0.0.1 at 2013-10-09 22:06:12 -0400


Started GET "/assets/products.js?body=1" for 127.0.0.1 at 2013-10-09 22:06:12 -0400


Started GET "/assets/turbolinks.js?body=1" for 127.0.0.1 at 2013-10-09 22:06:12 -0400


Started GET "/assets/jquery_ujs.js?body=1" for 127.0.0.1 at 2013-10-09 22:06:12 -0400


Started GET "/assets/jquery.js?body=1" for 127.0.0.1 at 2013-10-09 22:06:12 -0400


Started GET "/assets/scaffolds.css?body=1" for 127.0.0.1 at 2013-10-09 22:06:12 -0400


Started GET "/assets/application.js?body=1" for 127.0.0.1 at 2013-10-09 22:06:12 -0400


Started GET "/products/" for 127.0.0.1 at 2013-10-09 22:06:15 -0400
Processing by ProductsController#index as HTML
  [1m[36mProduct Load (0.7ms)[0m  [1mSELECT `products`.* FROM `products`[0m
  Rendered products/index.html.erb within layouts/application (17.0ms)
Completed 200 OK in 25ms (Views: 22.6ms | ActiveRecord: 0.7ms)


Started GET "/assets/application.css?body=1" for 127.0.0.1 at 2013-10-09 22:06:16 -0400


Started GET "/assets/products.css?body=1" for 127.0.0.1 at 2013-10-09 22:06:16 -0400


Started GET "/assets/scaffolds.css?body=1" for 127.0.0.1 at 2013-10-09 22:06:16 -0400


Started GET "/assets/turbolinks.js?body=1" for 127.0.0.1 at 2013-10-09 22:06:16 -0400


Started GET "/assets/jquery_ujs.js?body=1" for 127.0.0.1 at 2013-10-09 22:06:16 -0400


Started GET "/assets/jquery.js?body=1" for 127.0.0.1 at 2013-10-09 22:06:16 -0400


Started GET "/assets/products.js?body=1" for 127.0.0.1 at 2013-10-09 22:06:16 -0400


Started GET "/assets/application.js?body=1" for 127.0.0.1 at 2013-10-09 22:06:16 -0400


Started GET "/products/" for 127.0.0.1 at 2013-10-09 22:06:17 -0400
Processing by ProductsController#index as HTML
  [1m[35mProduct Load (0.2ms)[0m  SELECT `products`.* FROM `products`
  Rendered products/index.html.erb within layouts/application (4.6ms)
Completed 200 OK in 22ms (Views: 21.5ms | ActiveRecord: 0.2ms)


Started GET "/assets/application.css?body=1" for 127.0.0.1 at 2013-10-09 22:06:17 -0400


Started GET "/assets/jquery.js?body=1" for 127.0.0.1 at 2013-10-09 22:06:17 -0400


Started GET "/assets/scaffolds.css?body=1" for 127.0.0.1 at 2013-10-09 22:06:17 -0400


Started GET "/assets/products.css?body=1" for 127.0.0.1 at 2013-10-09 22:06:17 -0400


Started GET "/assets/products.js?body=1" for 127.0.0.1 at 2013-10-09 22:06:17 -0400


Started GET "/assets/turbolinks.js?body=1" for 127.0.0.1 at 2013-10-09 22:06:17 -0400


Started GET "/assets/jquery_ujs.js?body=1" for 127.0.0.1 at 2013-10-09 22:06:17 -0400


Started GET "/assets/application.js?body=1" for 127.0.0.1 at 2013-10-09 22:06:17 -0400


Started GET "/products/" for 127.0.0.1 at 2013-10-09 22:06:34 -0400
  [1m[36mActiveRecord::SchemaMigration Load (0.2ms)[0m  [1mSELECT `schema_migrations`.* FROM `schema_migrations`[0m
Processing by ProductsController#index as HTML
  [1m[35mProduct Load (0.1ms)[0m  SELECT `products`.* FROM `products`
  Rendered products/index.html.erb within layouts/application (28.5ms)
Completed 200 OK in 135ms (Views: 98.4ms | ActiveRecord: 3.1ms)


Started GET "/assets/application.css?body=1" for 127.0.0.1 at 2013-10-09 22:06:35 -0400


Started GET "/assets/turbolinks.js?body=1" for 127.0.0.1 at 2013-10-09 22:06:35 -0400


Started GET "/assets/jquery_ujs.js?body=1" for 127.0.0.1 at 2013-10-09 22:06:35 -0400


Started GET "/assets/jquery.js?body=1" for 127.0.0.1 at 2013-10-09 22:06:35 -0400


Started GET "/assets/scaffolds.css?body=1" for 127.0.0.1 at 2013-10-09 22:06:35 -0400


Started GET "/assets/products.js?body=1" for 127.0.0.1 at 2013-10-09 22:06:35 -0400


Started GET "/assets/products.css?body=1" for 127.0.0.1 at 2013-10-09 22:06:35 -0400


Started GET "/assets/application.js?body=1" for 127.0.0.1 at 2013-10-09 22:06:35 -0400


Started GET "/products/" for 127.0.0.1 at 2013-10-09 22:12:34 -0400
Processing by ProductsController#index as HTML
  [1m[36mProduct Load (3.8ms)[0m  [1mSELECT `products`.* FROM `products`[0m
  Rendered products/index.html.erb within layouts/application (223.4ms)
ERROR: compiling _app_views_layouts_application_html_erb___2538251226220447535_70350060559480 RAISED /home/plasante/workspace/bargains/app/views/layouts/application.html.erb:11: syntax error, unexpected '='
...ut_buffer.append=( yield class='<%= controller.controller_na...
...                               ^
/home/plasante/workspace/bargains/app/views/layouts/application.html.erb:11: syntax error, unexpected $undefined, expecting ')'
...);@output_buffer.safe_append='\'%>
...                               ^
/home/plasante/workspace/bargains/app/views/layouts/application.html.erb:16: syntax error, unexpected keyword_ensure, expecting ')'
/home/plasante/workspace/bargains/app/views/layouts/application.html.erb:18: syntax error, unexpected keyword_end, expecting ')'
Function body:           def _app_views_layouts_application_html_erb___2538251226220447535_70350060559480(local_assigns, output_buffer)
            _old_virtual_path, @virtual_path = @virtual_path, "layouts/application";_old_output_buffer = @output_buffer;;@output_buffer = output_buffer || ActionView::OutputBuffer.new;@output_buffer.safe_append='<!DOCTYPE html>
<html>
<head>
  <title>Bargains</title>
  ';@output_buffer.append=( stylesheet_link_tag    "application", media: "all", "data-turbolinks-track" => true );@output_buffer.safe_append='
  ';@output_buffer.append=( javascript_include_tag "application", "data-turbolinks-track" => true );@output_buffer.safe_append='
  ';@output_buffer.append=( csrf_meta_tags );@output_buffer.safe_append='
</head>
<body>

';@output_buffer.append=( yield class='<%= controller.controller_name);@output_buffer.safe_append='\'%>

</body>
</html>
';@output_buffer.to_s
          ensure
            @virtual_path, @output_buffer = _old_virtual_path, _old_output_buffer
          end

Backtrace: /var/lib/gems/1.9.1/gems/actionpack-4.0.0/lib/action_view/template.rb:299:in `module_eval'
/var/lib/gems/1.9.1/gems/actionpack-4.0.0/lib/action_view/template.rb:299:in `compile'
/var/lib/gems/1.9.1/gems/actionpack-4.0.0/lib/action_view/template.rb:248:in `block in compile!'
<internal:prelude>:10:in `synchronize'
/var/lib/gems/1.9.1/gems/actionpack-4.0.0/lib/action_view/template.rb:236:in `compile!'
/var/lib/gems/1.9.1/gems/actionpack-4.0.0/lib/action_view/template.rb:142:in `block in render'
/var/lib/gems/1.9.1/gems/activesupport-4.0.0/lib/active_support/notifications.rb:161:in `instrument'
/var/lib/gems/1.9.1/gems/actionpack-4.0.0/lib/action_view/template.rb:141:in `render'
/var/lib/gems/1.9.1/gems/actionpack-4.0.0/lib/action_view/renderer/template_renderer.rb:61:in `render_with_layout'
/var/lib/gems/1.9.1/gems/actionpack-4.0.0/lib/action_view/renderer/template_renderer.rb:47:in `render_template'
/var/lib/gems/1.9.1/gems/actionpack-4.0.0/lib/action_view/renderer/template_renderer.rb:17:in `render'
/var/lib/gems/1.9.1/gems/actionpack-4.0.0/lib/action_view/renderer/renderer.rb:42:in `render_template'
/var/lib/gems/1.9.1/gems/actionpack-4.0.0/lib/action_view/renderer/renderer.rb:23:in `render'
/var/lib/gems/1.9.1/gems/actionpack-4.0.0/lib/abstract_controller/rendering.rb:127:in `_render_template'
/var/lib/gems/1.9.1/gems/actionpack-4.0.0/lib/action_controller/metal/streaming.rb:219:in `_render_template'
/var/lib/gems/1.9.1/gems/actionpack-4.0.0/lib/abstract_controller/rendering.rb:120:in `render_to_body'
/var/lib/gems/1.9.1/gems/actionpack-4.0.0/lib/action_controller/metal/rendering.rb:33:in `render_to_body'
/var/lib/gems/1.9.1/gems/actionpack-4.0.0/lib/action_controller/metal/renderers.rb:26:in `render_to_body'
/var/lib/gems/1.9.1/gems/actionpack-4.0.0/lib/abstract_controller/rendering.rb:97:in `render'
/var/lib/gems/1.9.1/gems/actionpack-4.0.0/lib/action_controller/metal/rendering.rb:16:in `render'
/var/lib/gems/1.9.1/gems/actionpack-4.0.0/lib/action_controller/metal/instrumentation.rb:41:in `block (2 levels) in render'
/var/lib/gems/1.9.1/gems/activesupport-4.0.0/lib/active_support/core_ext/benchmark.rb:12:in `block in ms'
/usr/lib/ruby/1.9.1/benchmark.rb:295:in `realtime'
/var/lib/gems/1.9.1/gems/activesupport-4.0.0/lib/active_support/core_ext/benchmark.rb:12:in `ms'
/var/lib/gems/1.9.1/gems/actionpack-4.0.0/lib/action_controller/metal/instrumentation.rb:41:in `block in render'
/var/lib/gems/1.9.1/gems/actionpack-4.0.0/lib/action_controller/metal/instrumentation.rb:84:in `cleanup_view_runtime'
/var/lib/gems/1.9.1/gems/activerecord-4.0.0/lib/active_record/railties/controller_runtime.rb:25:in `cleanup_view_runtime'
/var/lib/gems/1.9.1/gems/actionpack-4.0.0/lib/action_controller/metal/instrumentation.rb:40:in `render'
/var/lib/gems/1.9.1/gems/actionpack-4.0.0/lib/action_controller/metal/implicit_render.rb:10:in `default_render'
/var/lib/gems/1.9.1/gems/actionpack-4.0.0/lib/action_controller/metal/implicit_render.rb:5:in `send_action'
/var/lib/gems/1.9.1/gems/actionpack-4.0.0/lib/abstract_controller/base.rb:189:in `process_action'
/var/lib/gems/1.9.1/gems/actionpack-4.0.0/lib/action_controller/metal/rendering.rb:10:in `process_action'
/var/lib/gems/1.9.1/gems/actionpack-4.0.0/lib/abstract_controller/callbacks.rb:18:in `block in process_action'
/var/lib/gems/1.9.1/gems/activesupport-4.0.0/lib/active_support/callbacks.rb:413:in `_run__468836815796249436__process_action__callbacks'
/var/lib/gems/1.9.1/gems/activesupport-4.0.0/lib/active_support/callbacks.rb:80:in `run_callbacks'
/var/lib/gems/1.9.1/gems/actionpack-4.0.0/lib/abstract_controller/callbacks.rb:17:in `process_action'
/var/lib/gems/1.9.1/gems/actionpack-4.0.0/lib/action_controller/metal/rescue.rb:29:in `process_action'
/var/lib/gems/1.9.1/gems/actionpack-4.0.0/lib/action_controller/metal/instrumentation.rb:31:in `block in process_action'
/var/lib/gems/1.9.1/gems/activesupport-4.0.0/lib/active_support/notifications.rb:159:in `block in instrument'
/var/lib/gems/1.9.1/gems/activesupport-4.0.0/lib/active_support/notifications/instrumenter.rb:20:in `instrument'
/var/lib/gems/1.9.1/gems/activesupport-4.0.0/lib/active_support/notifications.rb:159:in `instrument'
/var/lib/gems/1.9.1/gems/actionpack-4.0.0/lib/action_controller/metal/instrumentation.rb:30:in `process_action'
/var/lib/gems/1.9.1/gems/actionpack-4.0.0/lib/action_controller/metal/params_wrapper.rb:245:in `process_action'
/var/lib/gems/1.9.1/gems/activerecord-4.0.0/lib/active_record/railties/controller_runtime.rb:18:in `process_action'
/var/lib/gems/1.9.1/gems/actionpack-4.0.0/lib/abstract_controller/base.rb:136:in `process'
/var/lib/gems/1.9.1/gems/actionpack-4.0.0/lib/abstract_controller/rendering.rb:44:in `process'
/var/lib/gems/1.9.1/gems/actionpack-4.0.0/lib/action_controller/metal.rb:195:in `dispatch'
/var/lib/gems/1.9.1/gems/actionpack-4.0.0/lib/action_controller/metal/rack_delegation.rb:13:in `dispatch'
/var/lib/gems/1.9.1/gems/actionpack-4.0.0/lib/action_controller/metal.rb:231:in `block in action'
/var/lib/gems/1.9.1/gems/actionpack-4.0.0/lib/action_dispatch/routing/route_set.rb:80:in `call'
/var/lib/gems/1.9.1/gems/actionpack-4.0.0/lib/action_dispatch/routing/route_set.rb:80:in `dispatch'
/var/lib/gems/1.9.1/gems/actionpack-4.0.0/lib/action_dispatch/routing/route_set.rb:48:in `call'
/var/lib/gems/1.9.1/gems/actionpack-4.0.0/lib/action_dispatch/journey/router.rb:71:in `block in call'
/var/lib/gems/1.9.1/gems/actionpack-4.0.0/lib/action_dispatch/journey/router.rb:59:in `each'
/var/lib/gems/1.9.1/gems/actionpack-4.0.0/lib/action_dispatch/journey/router.rb:59:in `call'
/var/lib/gems/1.9.1/gems/actionpack-4.0.0/lib/action_dispatch/routing/route_set.rb:655:in `call'
/var/lib/gems/1.9.1/gems/rack-1.5.2/lib/rack/etag.rb:23:in `call'
/var/lib/gems/1.9.1/gems/rack-1.5.2/lib/rack/conditionalget.rb:25:in `call'
/var/lib/gems/1.9.1/gems/rack-1.5.2/lib/rack/head.rb:11:in `call'
/var/lib/gems/1.9.1/gems/actionpack-4.0.0/lib/action_dispatch/middleware/params_parser.rb:27:in `call'
/var/lib/gems/1.9.1/gems/actionpack-4.0.0/lib/action_dispatch/middleware/flash.rb:241:in `call'
/var/lib/gems/1.9.1/gems/rack-1.5.2/lib/rack/session/abstract/id.rb:225:in `context'
/var/lib/gems/1.9.1/gems/rack-1.5.2/lib/rack/session/abstract/id.rb:220:in `call'
/var/lib/gems/1.9.1/gems/actionpack-4.0.0/lib/action_dispatch/middleware/cookies.rb:486:in `call'
/var/lib/gems/1.9.1/gems/activerecord-4.0.0/lib/active_record/query_cache.rb:36:in `call'
/var/lib/gems/1.9.1/gems/activerecord-4.0.0/lib/active_record/connection_adapters/abstract/connection_pool.rb:626:in `call'
/var/lib/gems/1.9.1/gems/activerecord-4.0.0/lib/active_record/migration.rb:369:in `call'
/var/lib/gems/1.9.1/gems/actionpack-4.0.0/lib/action_dispatch/middleware/callbacks.rb:29:in `block in call'
/var/lib/gems/1.9.1/gems/activesupport-4.0.0/lib/active_support/callbacks.rb:373:in `_run__1287934549232404550__call__callbacks'
/var/lib/gems/1.9.1/gems/activesupport-4.0.0/lib/active_support/callbacks.rb:80:in `run_callbacks'
/var/lib/gems/1.9.1/gems/actionpack-4.0.0/lib/action_dispatch/middleware/callbacks.rb:27:in `call'
/var/lib/gems/1.9.1/gems/actionpack-4.0.0/lib/action_dispatch/middleware/reloader.rb:64:in `call'
/var/lib/gems/1.9.1/gems/actionpack-4.0.0/lib/action_dispatch/middleware/remote_ip.rb:76:in `call'
/var/lib/gems/1.9.1/gems/actionpack-4.0.0/lib/action_dispatch/middleware/debug_exceptions.rb:17:in `call'
/var/lib/gems/1.9.1/gems/actionpack-4.0.0/lib/action_dispatch/middleware/show_exceptions.rb:30:in `call'
/var/lib/gems/1.9.1/gems/railties-4.0.0/lib/rails/rack/logger.rb:38:in `call_app'
/var/lib/gems/1.9.1/gems/railties-4.0.0/lib/rails/rack/logger.rb:21:in `block in call'
/var/lib/gems/1.9.1/gems/activesupport-4.0.0/lib/active_support/tagged_logging.rb:67:in `block in tagged'
/var/lib/gems/1.9.1/gems/activesupport-4.0.0/lib/active_support/tagged_logging.rb:25:in `tagged'
/var/lib/gems/1.9.1/gems/activesupport-4.0.0/lib/active_support/tagged_logging.rb:67:in `tagged'
/var/lib/gems/1.9.1/gems/railties-4.0.0/lib/rails/rack/logger.rb:21:in `call'
/var/lib/gems/1.9.1/gems/actionpack-4.0.0/lib/action_dispatch/middleware/request_id.rb:21:in `call'
/var/lib/gems/1.9.1/gems/rack-1.5.2/lib/rack/methodoverride.rb:21:in `call'
/var/lib/gems/1.9.1/gems/rack-1.5.2/lib/rack/runtime.rb:17:in `call'
/var/lib/gems/1.9.1/gems/activesupport-4.0.0/lib/active_support/cache/strategy/local_cache.rb:83:in `call'
/var/lib/gems/1.9.1/gems/rack-1.5.2/lib/rack/lock.rb:17:in `call'
/var/lib/gems/1.9.1/gems/actionpack-4.0.0/lib/action_dispatch/middleware/static.rb:64:in `call'
/var/lib/gems/1.9.1/gems/railties-4.0.0/lib/rails/engine.rb:511:in `call'
/var/lib/gems/1.9.1/gems/railties-4.0.0/lib/rails/application.rb:97:in `call'
/var/lib/gems/1.9.1/gems/rack-1.5.2/lib/rack/lock.rb:17:in `call'
/var/lib/gems/1.9.1/gems/rack-1.5.2/lib/rack/content_length.rb:14:in `call'
/var/lib/gems/1.9.1/gems/rack-1.5.2/lib/rack/handler/webrick.rb:60:in `service'
/usr/lib/ruby/1.9.1/webrick/httpserver.rb:138:in `service'
/usr/lib/ruby/1.9.1/webrick/httpserver.rb:94:in `run'
/usr/lib/ruby/1.9.1/webrick/server.rb:191:in `block in start_thread'
Completed 500 Internal Server Error in 239ms

ActionView::Template::Error (/home/plasante/workspace/bargains/app/views/layouts/application.html.erb:11: syntax error, unexpected '='
...ut_buffer.append=( yield class='<%= controller.controller_na...
...                               ^
/home/plasante/workspace/bargains/app/views/layouts/application.html.erb:11: syntax error, unexpected $undefined, expecting ')'
...);@output_buffer.safe_append='\'%>
...                               ^
/home/plasante/workspace/bargains/app/views/layouts/application.html.erb:16: syntax error, unexpected keyword_ensure, expecting ')'
/home/plasante/workspace/bargains/app/views/layouts/application.html.erb:18: syntax error, unexpected keyword_end, expecting ')'):
     8: </head>
     9: <body>
    10: 
    11: <%= yield class='<%= controller.controller_name%>'%>
    12: 
    13: </body>
    14: </html>
  actionpack (4.0.0) lib/action_view/template.rb:299:in `module_eval'
  actionpack (4.0.0) lib/action_view/template.rb:299:in `compile'
  actionpack (4.0.0) lib/action_view/template.rb:248:in `block in compile!'
  <internal:prelude>:10:in `synchronize'
  actionpack (4.0.0) lib/action_view/template.rb:236:in `compile!'
  actionpack (4.0.0) lib/action_view/template.rb:142:in `block in render'
  activesupport (4.0.0) lib/active_support/notifications.rb:161:in `instrument'
  actionpack (4.0.0) lib/action_view/template.rb:141:in `render'
  actionpack (4.0.0) lib/action_view/renderer/template_renderer.rb:61:in `render_with_layout'
  actionpack (4.0.0) lib/action_view/renderer/template_renderer.rb:47:in `render_template'
  actionpack (4.0.0) lib/action_view/renderer/template_renderer.rb:17:in `render'
  actionpack (4.0.0) lib/action_view/renderer/renderer.rb:42:in `render_template'
  actionpack (4.0.0) lib/action_view/renderer/renderer.rb:23:in `render'
  actionpack (4.0.0) lib/abstract_controller/rendering.rb:127:in `_render_template'
  actionpack (4.0.0) lib/action_controller/metal/streaming.rb:219:in `_render_template'
  actionpack (4.0.0) lib/abstract_controller/rendering.rb:120:in `render_to_body'
  actionpack (4.0.0) lib/action_controller/metal/rendering.rb:33:in `render_to_body'
  actionpack (4.0.0) lib/action_controller/metal/renderers.rb:26:in `render_to_body'
  actionpack (4.0.0) lib/abstract_controller/rendering.rb:97:in `render'
  actionpack (4.0.0) lib/action_controller/metal/rendering.rb:16:in `render'
  actionpack (4.0.0) lib/action_controller/metal/instrumentation.rb:41:in `block (2 levels) in render'
  activesupport (4.0.0) lib/active_support/core_ext/benchmark.rb:12:in `block in ms'
  /usr/lib/ruby/1.9.1/benchmark.rb:295:in `realtime'
  activesupport (4.0.0) lib/active_support/core_ext/benchmark.rb:12:in `ms'
  actionpack (4.0.0) lib/action_controller/metal/instrumentation.rb:41:in `block in render'
  actionpack (4.0.0) lib/action_controller/metal/instrumentation.rb:84:in `cleanup_view_runtime'
  activerecord (4.0.0) lib/active_record/railties/controller_runtime.rb:25:in `cleanup_view_runtime'
  actionpack (4.0.0) lib/action_controller/metal/instrumentation.rb:40:in `render'
  actionpack (4.0.0) lib/action_controller/metal/implicit_render.rb:10:in `default_render'
  actionpack (4.0.0) lib/action_controller/metal/implicit_render.rb:5:in `send_action'
  actionpack (4.0.0) lib/abstract_controller/base.rb:189:in `process_action'
  actionpack (4.0.0) lib/action_controller/metal/rendering.rb:10:in `process_action'
  actionpack (4.0.0) lib/abstract_controller/callbacks.rb:18:in `block in process_action'
  activesupport (4.0.0) lib/active_support/callbacks.rb:413:in `_run__468836815796249436__process_action__callbacks'
  activesupport (4.0.0) lib/active_support/callbacks.rb:80:in `run_callbacks'
  actionpack (4.0.0) lib/abstract_controller/callbacks.rb:17:in `process_action'
  actionpack (4.0.0) lib/action_controller/metal/rescue.rb:29:in `process_action'
  actionpack (4.0.0) lib/action_controller/metal/instrumentation.rb:31:in `block in process_action'
  activesupport (4.0.0) lib/active_support/notifications.rb:159:in `block in instrument'
  activesupport (4.0.0) lib/active_support/notifications/instrumenter.rb:20:in `instrument'
  activesupport (4.0.0) lib/active_support/notifications.rb:159:in `instrument'
  actionpack (4.0.0) lib/action_controller/metal/instrumentation.rb:30:in `process_action'
  actionpack (4.0.0) lib/action_controller/metal/params_wrapper.rb:245:in `process_action'
  activerecord (4.0.0) lib/active_record/railties/controller_runtime.rb:18:in `process_action'
  actionpack (4.0.0) lib/abstract_controller/base.rb:136:in `process'
  actionpack (4.0.0) lib/abstract_controller/rendering.rb:44:in `process'
  actionpack (4.0.0) lib/action_controller/metal.rb:195:in `dispatch'
  actionpack (4.0.0) lib/action_controller/metal/rack_delegation.rb:13:in `dispatch'
  actionpack (4.0.0) lib/action_controller/metal.rb:231:in `block in action'
  actionpack (4.0.0) lib/action_dispatch/routing/route_set.rb:80:in `call'
  actionpack (4.0.0) lib/action_dispatch/routing/route_set.rb:80:in `dispatch'
  actionpack (4.0.0) lib/action_dispatch/routing/route_set.rb:48:in `call'
  actionpack (4.0.0) lib/action_dispatch/journey/router.rb:71:in `block in call'
  actionpack (4.0.0) lib/action_dispatch/journey/router.rb:59:in `each'
  actionpack (4.0.0) lib/action_dispatch/journey/router.rb:59:in `call'
  actionpack (4.0.0) lib/action_dispatch/routing/route_set.rb:655:in `call'
  rack (1.5.2) lib/rack/etag.rb:23:in `call'
  rack (1.5.2) lib/rack/conditionalget.rb:25:in `call'
  rack (1.5.2) lib/rack/head.rb:11:in `call'
  actionpack (4.0.0) lib/action_dispatch/middleware/params_parser.rb:27:in `call'
  actionpack (4.0.0) lib/action_dispatch/middleware/flash.rb:241:in `call'
  rack (1.5.2) lib/rack/session/abstract/id.rb:225:in `context'
  rack (1.5.2) lib/rack/session/abstract/id.rb:220:in `call'
  actionpack (4.0.0) lib/action_dispatch/middleware/cookies.rb:486:in `call'
  activerecord (4.0.0) lib/active_record/query_cache.rb:36:in `call'
  activerecord (4.0.0) lib/active_record/connection_adapters/abstract/connection_pool.rb:626:in `call'
  activerecord (4.0.0) lib/active_record/migration.rb:369:in `call'
  actionpack (4.0.0) lib/action_dispatch/middleware/callbacks.rb:29:in `block in call'
  activesupport (4.0.0) lib/active_support/callbacks.rb:373:in `_run__1287934549232404550__call__callbacks'
  activesupport (4.0.0) lib/active_support/callbacks.rb:80:in `run_callbacks'
  actionpack (4.0.0) lib/action_dispatch/middleware/callbacks.rb:27:in `call'
  actionpack (4.0.0) lib/action_dispatch/middleware/reloader.rb:64:in `call'
  actionpack (4.0.0) lib/action_dispatch/middleware/remote_ip.rb:76:in `call'
  actionpack (4.0.0) lib/action_dispatch/middleware/debug_exceptions.rb:17:in `call'
  actionpack (4.0.0) lib/action_dispatch/middleware/show_exceptions.rb:30:in `call'
  railties (4.0.0) lib/rails/rack/logger.rb:38:in `call_app'
  railties (4.0.0) lib/rails/rack/logger.rb:21:in `block in call'
  activesupport (4.0.0) lib/active_support/tagged_logging.rb:67:in `block in tagged'
  activesupport (4.0.0) lib/active_support/tagged_logging.rb:25:in `tagged'
  activesupport (4.0.0) lib/active_support/tagged_logging.rb:67:in `tagged'
  railties (4.0.0) lib/rails/rack/logger.rb:21:in `call'
  actionpack (4.0.0) lib/action_dispatch/middleware/request_id.rb:21:in `call'
  rack (1.5.2) lib/rack/methodoverride.rb:21:in `call'
  rack (1.5.2) lib/rack/runtime.rb:17:in `call'
  activesupport (4.0.0) lib/active_support/cache/strategy/local_cache.rb:83:in `call'
  rack (1.5.2) lib/rack/lock.rb:17:in `call'
  actionpack (4.0.0) lib/action_dispatch/middleware/static.rb:64:in `call'
  railties (4.0.0) lib/rails/engine.rb:511:in `call'
  railties (4.0.0) lib/rails/application.rb:97:in `call'
  rack (1.5.2) lib/rack/lock.rb:17:in `call'
  rack (1.5.2) lib/rack/content_length.rb:14:in `call'
  rack (1.5.2) lib/rack/handler/webrick.rb:60:in `service'
  /usr/lib/ruby/1.9.1/webrick/httpserver.rb:138:in `service'
  /usr/lib/ruby/1.9.1/webrick/httpserver.rb:94:in `run'
  /usr/lib/ruby/1.9.1/webrick/server.rb:191:in `block in start_thread'


  Rendered /var/lib/gems/1.9.1/gems/actionpack-4.0.0/lib/action_dispatch/middleware/templates/rescues/_trace.erb (1.2ms)
  Rendered /var/lib/gems/1.9.1/gems/actionpack-4.0.0/lib/action_dispatch/middleware/templates/rescues/_request_and_response.erb (6.3ms)
  Rendered /var/lib/gems/1.9.1/gems/actionpack-4.0.0/lib/action_dispatch/middleware/templates/rescues/template_error.erb within rescues/layout (26.8ms)


Started GET "/products/" for 127.0.0.1 at 2013-10-09 22:14:08 -0400
Processing by ProductsController#index as HTML
  [1m[35mProduct Load (3.0ms)[0m  SELECT `products`.* FROM `products`
  Rendered products/index.html.erb within layouts/application (6.9ms)
Completed 200 OK in 53ms (Views: 47.1ms | ActiveRecord: 3.0ms)


Started GET "/assets/application.css?body=1" for 127.0.0.1 at 2013-10-09 22:14:08 -0400


Started GET "/assets/products.css?body=1" for 127.0.0.1 at 2013-10-09 22:14:08 -0400


Started GET "/assets/products.js?body=1" for 127.0.0.1 at 2013-10-09 22:14:08 -0400


Started GET "/assets/turbolinks.js?body=1" for 127.0.0.1 at 2013-10-09 22:14:08 -0400


Started GET "/assets/jquery_ujs.js?body=1" for 127.0.0.1 at 2013-10-09 22:14:08 -0400


Started GET "/assets/jquery.js?body=1" for 127.0.0.1 at 2013-10-09 22:14:08 -0400


Started GET "/assets/scaffolds.css?body=1" for 127.0.0.1 at 2013-10-09 22:14:08 -0400


Started GET "/assets/application.js?body=1" for 127.0.0.1 at 2013-10-09 22:14:08 -0400


Started GET "/assets/cs.jpg" for 127.0.0.1 at 2013-10-09 22:14:08 -0400


Started GET "/assets/ruby.jpg" for 127.0.0.1 at 2013-10-09 22:14:08 -0400


Started GET "/assets/rtp.jpg" for 127.0.0.1 at 2013-10-09 22:14:08 -0400
